<?xml version="1.0" encoding="UTF-8"?>
<!-- Generated by org.testng.reporters.JUnitReportReporter -->
<testsuite hostname="Oleg" failures="0" tests="1" name="com.example.tests.DropdownTest" time="4.627" errors="0" timestamp="2025-04-16T03:15:18 EEST" skipped="0">
  <testcase classname="com.example.tests.DropdownTest" name="testDropdownSelections" time="4.627"/>
  <system-out/>
</testsuite> <!-- com.example.tests.DropdownTest -->
