<?xml version="1.0" encoding="UTF-8"?>
<!-- Generated by org.testng.reporters.JUnitReportReporter -->
<testsuite hostname="Oleg" failures="0" tests="2" name="com.example.tests.LoginTest" time="33.936" errors="0" timestamp="2025-04-16T07:55:08 EEST" skipped="0">
  <testcase classname="com.example.tests.LoginTest" name="testLogin" time="17.097"/>
  <system-out/>
  <testcase classname="com.example.tests.LoginTest" name="testLogin" time="16.839"/>
  <system-out/>
</testsuite> <!-- com.example.tests.LoginTest -->
